# JRE version: OpenJDK Runtime Environment (17.0.11) (build 17.0.11+0--11852314)
# Java VM: OpenJDK 64-Bit Server VM (17.0.11+0--11852314, mixed mode, tiered, compressed oops, compressed class ptrs, g1 gc, windows-amd64)
GC Precious Log:
 CPUs: 16 total, 16 available
 Memory: 15789M
 Large Page Support: Disabled
 NUMA Support: Disabled
 Compressed Oops: Enabled (32-bit)
 Heap Region Size: 1M
 Heap Min Capacity: 8M
 Heap Initial Capacity: 248M
 Heap Max Capacity: 2G
 Pre-touch: Disabled
 Parallel Workers: 13
 Concurrent Workers: 3
 Concurrent Refinement Workers: 13
 Periodic GC: Disabled
Heap:
 garbage-first heap   total 148480K, used 96543K [0x0000000080000000, 0x0000000100000000)
  region size 1024K, 35 young (35840K), 3 survivors (3072K)
 Metaspace       used 75782K, committed 76416K, reserved 1179648K
  class space    used 10249K, committed 10560K, reserved 1048576K
GC Heap History (20 events):
Event: 6.770 GC heap before
{Heap before GC invocations=18 (full 0):
 garbage-first heap   total 71680K, used 57899K [0x0000000080000000, 0x0000000100000000)
  region size 1024K, 21 young (21504K), 1 survivors (1024K)
 Metaspace       used 56573K, committed 57088K, reserved 1114112K
  class space    used 7744K, committed 8000K, reserved 1048576K
}
Event: 6.772 GC heap after
{Heap after GC invocations=19 (full 0):
 garbage-first heap   total 71680K, used 41400K [0x0000000080000000, 0x0000000100000000)
  region size 1024K, 3 young (3072K), 3 survivors (3072K)
 Metaspace       used 56573K, committed 57088K, reserved 1114112K
  class space    used 7744K, committed 8000K, reserved 1048576K
}
Event: 6.891 GC heap before
{Heap before GC invocations=20 (full 0):
 garbage-first heap   total 75776K, used 56760K [0x0000000080000000, 0x0000000100000000)
  region size 1024K, 19 young (19456K), 3 survivors (3072K)
 Metaspace       used 56760K, committed 57280K, reserved 1114112K
  class space    used 7744K, committed 8000K, reserved 1048576K
}
Event: 6.893 GC heap after
{Heap after GC invocations=21 (full 0):
 garbage-first heap   total 75776K, used 43976K [0x0000000080000000, 0x0000000100000000)
  region size 1024K, 3 young (3072K), 3 survivors (3072K)
 Metaspace       used 56760K, committed 57280K, reserved 1114112K
  class space    used 7744K, committed 8000K, reserved 1048576K
}
Event: 6.898 GC heap before
{Heap before GC invocations=21 (full 0):
 garbage-first heap   total 75776K, used 45000K [0x0000000080000000, 0x0000000100000000)
  region size 1024K, 4 young (4096K), 3 survivors (3072K)
 Metaspace       used 56765K, committed 57344K, reserved 1114112K
  class space    used 7744K, committed 8000K, reserved 1048576K
}
Event: 6.900 GC heap after
{Heap after GC invocations=22 (full 0):
 garbage-first heap   total 75776K, used 43772K [0x0000000080000000, 0x0000000100000000)
  region size 1024K, 1 young (1024K), 1 survivors (1024K)
 Metaspace       used 56765K, committed 57344K, reserved 1114112K
  class space    used 7744K, committed 8000K, reserved 1048576K
}
Event: 7.023 GC heap before
{Heap before GC invocations=22 (full 0):
 garbage-first heap   total 75776K, used 56060K [0x0000000080000000, 0x0000000100000000)
  region size 1024K, 15 young (15360K), 1 survivors (1024K)
 Metaspace       used 57155K, committed 57728K, reserved 1114112K
  class space    used 7782K, committed 8064K, reserved 1048576K
}
Event: 7.025 GC heap after
{Heap after GC invocations=23 (full 0):
 garbage-first heap   total 75776K, used 46336K [0x0000000080000000, 0x0000000100000000)
  region size 1024K, 2 young (2048K), 2 survivors (2048K)
 Metaspace       used 57155K, committed 57728K, reserved 1114112K
  class space    used 7782K, committed 8064K, reserved 1048576K
}
Event: 7.250 GC heap before
{Heap before GC invocations=24 (full 0):
 garbage-first heap   total 83968K, used 64768K [0x0000000080000000, 0x0000000100000000)
  region size 1024K, 15 young (15360K), 2 survivors (2048K)
 Metaspace       used 57717K, committed 58304K, reserved 1114112K
  class space    used 7881K, committed 8128K, reserved 1048576K
}
Event: 7.252 GC heap after
{Heap after GC invocations=25 (full 0):
 garbage-first heap   total 83968K, used 56607K [0x0000000080000000, 0x0000000100000000)
  region size 1024K, 2 young (2048K), 2 survivors (2048K)
 Metaspace       used 57717K, committed 58304K, reserved 1114112K
  class space    used 7881K, committed 8128K, reserved 1048576K
}
Event: 7.281 GC heap before
{Heap before GC invocations=25 (full 0):
 garbage-first heap   total 83968K, used 58655K [0x0000000080000000, 0x0000000100000000)
  region size 1024K, 4 young (4096K), 2 survivors (2048K)
 Metaspace       used 57894K, committed 58496K, reserved 1114112K
  class space    used 7910K, committed 8192K, reserved 1048576K
}
Event: 7.283 GC heap after
{Heap after GC invocations=26 (full 0):
 garbage-first heap   total 148480K, used 52695K [0x0000000080000000, 0x0000000100000000)
  region size 1024K, 1 young (1024K), 1 survivors (1024K)
 Metaspace       used 57894K, committed 58496K, reserved 1114112K
  class space    used 7910K, committed 8192K, reserved 1048576K
}
Event: 7.839 GC heap before
{Heap before GC invocations=26 (full 0):
 garbage-first heap   total 148480K, used 95703K [0x0000000080000000, 0x0000000100000000)
  region size 1024K, 42 young (43008K), 1 survivors (1024K)
 Metaspace       used 61170K, committed 61824K, reserved 1114112K
  class space    used 8328K, committed 8640K, reserved 1048576K
}
Event: 7.841 GC heap after
{Heap after GC invocations=27 (full 0):
 garbage-first heap   total 148480K, used 55485K [0x0000000080000000, 0x0000000100000000)
  region size 1024K, 2 young (2048K), 2 survivors (2048K)
 Metaspace       used 61170K, committed 61824K, reserved 1114112K
  class space    used 8328K, committed 8640K, reserved 1048576K
}
Event: 8.425 GC heap before
{Heap before GC invocations=27 (full 0):
 garbage-first heap   total 148480K, used 100541K [0x0000000080000000, 0x0000000100000000)
  region size 1024K, 46 young (47104K), 2 survivors (2048K)
 Metaspace       used 65922K, committed 66496K, reserved 1114112K
  class space    used 8946K, committed 9216K, reserved 1048576K
}
Event: 8.427 GC heap after
{Heap after GC invocations=28 (full 0):
 garbage-first heap   total 148480K, used 56850K [0x0000000080000000, 0x0000000100000000)
  region size 1024K, 4 young (4096K), 4 survivors (4096K)
 Metaspace       used 65922K, committed 66496K, reserved 1114112K
  class space    used 8946K, committed 9216K, reserved 1048576K
}
Event: 8.893 GC heap before
{Heap before GC invocations=28 (full 0):
 garbage-first heap   total 148480K, used 110098K [0x0000000080000000, 0x0000000100000000)
  region size 1024K, 51 young (52224K), 4 survivors (4096K)
 Metaspace       used 69669K, committed 70272K, reserved 1114112K
  class space    used 9418K, committed 9728K, reserved 1048576K
}
Event: 8.897 GC heap after
{Heap after GC invocations=29 (full 0):
 garbage-first heap   total 148480K, used 62424K [0x0000000080000000, 0x0000000100000000)
  region size 1024K, 7 young (7168K), 7 survivors (7168K)
 Metaspace       used 69669K, committed 70272K, reserved 1114112K
  class space    used 9418K, committed 9728K, reserved 1048576K
}
Event: 9.513 GC heap before
{Heap before GC invocations=29 (full 0):
 garbage-first heap   total 148480K, used 108504K [0x0000000080000000, 0x0000000100000000)
  region size 1024K, 53 young (54272K), 7 survivors (7168K)
 Metaspace       used 74062K, committed 74624K, reserved 1114112K
  class space    used 10024K, committed 10304K, reserved 1048576K
}
Event: 9.517 GC heap after
{Heap after GC invocations=30 (full 0):
 garbage-first heap   total 148480K, used 64799K [0x0000000080000000, 0x0000000100000000)
  region size 1024K, 3 young (3072K), 3 survivors (3072K)
 Metaspace       used 74062K, committed 74624K, reserved 1114112K
  class space    used 10024K, committed 10304K, reserved 1048576K
}

